#
# There is insufficient memory for the Java Runtime Environment to continue.
# Native memory allocation (malloc) failed to allocate 1048576 bytes for AllocateHeap
# Possible reasons:
#   The system is out of physical RAM or swap space
#   The process is running with CompressedOops enabled, and the Java Heap may be blocking the growth of the native heap
# Possible solutions:
#   Reduce memory load on the system
#   Increase physical memory or swap space
#   Check if swap backing store is full
#   Decrease Java heap size (-Xmx/-Xms)
#   Decrease number of Java threads
#   Decrease Java thread stack sizes (-Xss)
#   Set larger code cache with -XX:ReservedCodeCacheSize=
#   JVM is running with Unscaled Compressed Oops mode in which the Java heap is
#     placed in the first 4GB address space. The Java Heap base address is the
#     maximum limit for the native heap growth. Please use -XX:HeapBaseMinAddress
#     to set the Java Heap base and to place the Java Heap above 4GB virtual address.
# This output file may be truncated or incomplete.
#
#  Out of Memory Error (memory/allocation.inline.hpp:61), pid=3916, tid=0x00000000000038c8
#
# JRE version:  (8.0_241-b07) (build )
# Java VM: Java HotSpot(TM) 64-Bit Server VM (25.241-b07 mixed mode windows-amd64 compressed oops)
# Failed to write core dump. Minidumps are not enabled by default on client versions of Windows
#

---------------  T H R E A D  ---------------

Current thread (0x0000000002c31000):  JavaThread "Unknown thread" [_thread_in_vm, id=14536, stack(0x0000000002b30000,0x0000000002c30000)]

Stack: [0x0000000002b30000,0x0000000002c30000]
[error occurred during error reporting (printing stack bounds), id 0xc0000005]

Native frames: (J=compiled Java code, j=interpreted, Vv=VM code, C=native code)


---------------  P R O C E S S  ---------------

Java Threads: ( => current thread )

Other Threads:

=>0x0000000002c31000 (exited) JavaThread "Unknown thread" [_thread_in_vm, id=14536, stack(0x0000000002b30000,0x0000000002c30000)]

VM state:not at safepoint (normal execution)

VM Mutex/Monitor currently owned by a thread: None

heap address: 0x0000000082e00000, size: 2002 MB, Compressed Oops mode: 32-bit
Narrow klass base: 0x0000000000000000, Narrow klass shift: 3
Compressed class space size: 1073741824 Address: 0x0000000100000000

Heap:
 PSYoungGen      total 37888K, used 655K [0x00000000d6500000, 0x00000000d8f00000, 0x0000000100000000)
  eden space 32768K, 2% used [0x00000000d6500000,0x00000000d65a3d80,0x00000000d8500000)
  from space 5120K, 0% used [0x00000000d8a00000,0x00000000d8a00000,0x00000000d8f00000)
  to   space 5120K, 0% used [0x00000000d8500000,0x00000000d8500000,0x00000000d8a00000)
 ParOldGen       total 86016K, used 0K [0x0000000082e00000, 0x0000000088200000, 0x00000000d6500000)
  object space 86016K, 0% used [0x0000000082e00000,0x0000000082e00000,0x0000000088200000)
 Metaspace       used 752K, capacity 4480K, committed 4480K, reserved 1056768K
  class space    used 76K, capacity 384K, committed 384K, reserved 1048576K

Card table byte_map: [0x0000000012100000,0x00000000124f0000] byte_map_base: 0x0000000011ce9000

Marking Bits: (ParMarkBitMap*) 0x00000000585ebe30
 Begin Bits: [0x0000000012f90000, 0x0000000014ed8000)
 End Bits:   [0x0000000014ed8000, 0x0000000016e20000)

Polling page: 0x00000000012c0000

CodeCache: size=245760Kb used=327Kb max_used=327Kb free=245432Kb
 bounds [0x0000000002d40000, 0x0000000002fb0000, 0x0000000011d40000]
 total_blobs=57 nmethods=0 adapters=38
 compilation: enabled

Compilation events (0 events):
No events

GC Heap History (0 events):
No events

Deoptimization events (0 events):
No events

Classes redefined (0 events):
No events

Internal exceptions (0 events):
No events

Events (10 events):
Event: 0.160 loading class java/lang/Short
Event: 0.160 loading class java/lang/Short done
Event: 0.160 loading class java/lang/Integer
Event: 0.160 loading class java/lang/Integer done
Event: 0.160 loading class java/lang/Long
Event: 0.160 loading class java/lang/Long done
Event: 0.161 loading class java/lang/NullPointerException
Event: 0.161 loading class java/lang/NullPointerException done
Event: 0.161 loading class java/lang/ArithmeticException
Event: 0.161 loading class java/lang/ArithmeticException done


Dynamic libraries:
0x00007ff7224c0000 - 0x00007ff7224f7000 	C:\Program Files (x86)\Common Files\Oracle\Java\javapath\java.exe
0x00007ffbe0b40000 - 0x00007ffbe0d30000 	C:\WINDOWS\SYSTEM32\ntdll.dll
0x00007ffbdf500000 - 0x00007ffbdf5b2000 	C:\WINDOWS\System32\KERNEL32.DLL
0x00007ffbde940000 - 0x00007ffbdebe3000 	C:\WINDOWS\System32\KERNELBASE.dll
0x00007ffbdf780000 - 0x00007ffbdf823000 	C:\WINDOWS\System32\ADVAPI32.dll
0x00007ffbe0300000 - 0x00007ffbe039e000 	C:\WINDOWS\System32\msvcrt.dll
0x00007ffbdfb60000 - 0x00007ffbdfbf7000 	C:\WINDOWS\System32\sechost.dll
0x00007ffbdf9a0000 - 0x00007ffbdfac0000 	C:\WINDOWS\System32\RPCRT4.dll
0x00007ffbe0960000 - 0x00007ffbe0af4000 	C:\WINDOWS\System32\USER32.dll
0x00007ffbddc80000 - 0x00007ffbddca1000 	C:\WINDOWS\System32\win32u.dll
0x00007ffbdf900000 - 0x00007ffbdf926000 	C:\WINDOWS\System32\GDI32.dll
0x00007ffbde580000 - 0x00007ffbde714000 	C:\WINDOWS\System32\gdi32full.dll
0x00007ffbddad0000 - 0x00007ffbddb6e000 	C:\WINDOWS\System32\msvcp_win.dll
0x00007ffbddce0000 - 0x00007ffbdddda000 	C:\WINDOWS\System32\ucrtbase.dll
0x00007ffbcdd10000 - 0x00007ffbcdf95000 	C:\WINDOWS\WinSxS\amd64_microsoft.windows.common-controls_6595b64144ccf1df_6.0.18362.657_none_e6c5b579130e3898\COMCTL32.dll
0x00007ffbdf1c0000 - 0x00007ffbdf4f6000 	C:\WINDOWS\System32\combase.dll
0x00007ffbde770000 - 0x00007ffbde7f0000 	C:\WINDOWS\System32\bcryptPrimitives.dll
0x00007ffbdfb30000 - 0x00007ffbdfb5e000 	C:\WINDOWS\System32\IMM32.DLL
0x0000000058670000 - 0x0000000058742000 	C:\Program Files\Java\jre1.8.0_241\bin\msvcr100.dll
0x0000000057dc0000 - 0x000000005866c000 	C:\Program Files\Java\jre1.8.0_241\bin\server\jvm.dll
0x00007ffbe02f0000 - 0x00007ffbe02f8000 	C:\WINDOWS\System32\PSAPI.DLL
0x00007ffbdb400000 - 0x00007ffbdb409000 	C:\WINDOWS\SYSTEM32\WSOCK32.dll
0x00007ffbd5910000 - 0x00007ffbd591a000 	C:\WINDOWS\SYSTEM32\VERSION.dll
0x00007ffbdb390000 - 0x00007ffbdb3b4000 	C:\WINDOWS\SYSTEM32\WINMM.dll
0x00007ffbdf930000 - 0x00007ffbdf99f000 	C:\WINDOWS\System32\WS2_32.dll
0x00007ffbda6e0000 - 0x00007ffbda70d000 	C:\WINDOWS\SYSTEM32\WINMMBASE.dll
0x00007ffbde720000 - 0x00007ffbde76a000 	C:\WINDOWS\System32\cfgmgr32.dll
0x00007ffbda270000 - 0x00007ffbda27f000 	C:\Program Files\Java\jre1.8.0_241\bin\verify.dll
0x00007ffbd01b0000 - 0x00007ffbd01d9000 	C:\Program Files\Java\jre1.8.0_241\bin\java.dll
0x00007ffbd5d90000 - 0x00007ffbd5da6000 	C:\Program Files\Java\jre1.8.0_241\bin\zip.dll

VM Arguments:
java_command: Test6
java_class_path (initial): .
Launcher Type: SUN_STANDARD

Environment Variables:
PATH=C:\Program Files (x86)\Common Files\Oracle\Java\javapath;C:\Windows\system32;C:\Windows;C:\Windows\System32\Wbem;C:\Windows\System32\WindowsPowerShell\v1.0\;C:\Windows\System32\OpenSSH\;C:\Program Files (x86)\NVIDIA Corporation\PhysX\Common;C:\Program Files\NVIDIA Corporation\NVIDIA NvDLISR;C:\WINDOWS\system32;C:\WINDOWS;C:\WINDOWS\System32\Wbem;C:\WINDOWS\System32\WindowsPowerShell\v1.0\;C:\WINDOWS\System32\OpenSSH\;D:\jdk1.8.0\bin;%USERPROFILE%\AppData\Local\Microsoft\WindowsApps;
USERNAME=anupam pan
OS=Windows_NT
PROCESSOR_IDENTIFIER=AMD64 Family 23 Model 24 Stepping 1, AuthenticAMD



---------------  S Y S T E M  ---------------

OS: Windows 10.0 , 64 bit Build 18362 (10.0.18362.329)

CPU:total 8 (initial active 8) (8 cores per cpu, 1 threads per core) family 23 model 24 stepping 1, cmov, cx8, fxsr, mmx, sse, sse2, sse3, ssse3, sse4.1, sse4.2, popcnt, avx, avx2, aes, clmul, mmxext, 3dnowpref, lzcnt, sse4a, tsc, tscinvbit, tscinv, bmi1

Memory: 4k page, physical 8193296k(1642020k free), swap 33359120k(5276k free)

vm_info: Java HotSpot(TM) 64-Bit Server VM (25.241-b07) for windows-amd64 JRE (1.8.0_241-b07), built on Dec 11 2019 10:21:40 by "rejava" with MS VC++ 10.0 (VS2010)

time: Sat Feb 29 15:12:33 2020
timezone: India Standard Time
elapsed time: 0 seconds (0d 0h 0m 0s)

